<?xml version="1.0" encoding="UTF-8"?>
<!-- Generated by org.testng.reporters.JUnitReportReporter -->
<testsuite hostname="DESKTOP-8O9USS3" failures="0" tests="7" name="productextras.Addon" time="167.662" errors="0" timestamp="2022-12-05T12:52:13 IST" skipped="2">
  <testcase classname="productextras.Addon" name="clickPro" time="4.554"/>
  <system-out/>
  <testcase classname="productextras.Addon" name="addAddOn" time="12.494"/>
  <system-out/>
  <testcase classname="productextras.Addon" name="addOnCompare" time="146.871"/>
  <system-out/>
  <testcase classname="productextras.Addon" name="remove" time="0.191"/>
  <system-out/>
  <testcase classname="productextras.Addon" name="buttonSettings" time="3.552"/>
  <system-out/>
  <testcase classname="productextras.Addon" name="edit">
    <skipped/>
  </testcase> <!-- edit -->
  <system-out/>
  <testcase classname="productextras.Addon" name="search">
    <skipped/>
  </testcase> <!-- search -->
  <system-out/>
</testsuite> <!-- productextras.Addon -->
