<?xml version="1.0" encoding="UTF-8"?>
<!-- Generated by org.testng.reporters.JUnitReportReporter -->
<testsuite hostname="DESKTOP-8O9USS3" failures="0" tests="8" name="addproduct.AddProduct" time="80.553" errors="0" timestamp="2022-12-06T12:33:56 IST" skipped="3">
  <testcase classname="addproduct.AddProduct" name="login" time="3.314"/>
  <system-out/>
  <testcase classname="addproduct.AddProduct" name="add" time="67.937"/>
  <system-out/>
  <testcase classname="addproduct.AddProduct" name="advancedOptions" time="3.878"/>
  <system-out/>
  <testcase classname="addproduct.AddProduct" name="sizechart" time="5.284"/>
  <system-out/>
  <testcase classname="addproduct.AddProduct" name="submit" time="0.140"/>
  <system-out/>
  <testcase classname="addproduct.AddProduct" name="footnote">
    <skipped/>
  </testcase> <!-- footnote -->
  <system-out/>
  <testcase classname="addproduct.AddProduct" name="variant">
    <skipped/>
  </testcase> <!-- variant -->
  <system-out/>
  <testcase classname="addproduct.AddProduct" name="productExtras">
    <skipped/>
  </testcase> <!-- productExtras -->
  <system-out/>
</testsuite> <!-- addproduct.AddProduct -->
