<?xml version="1.0" encoding="UTF-8"?>
<!-- Generated by org.testng.reporters.JUnitReportReporter -->
<testsuite hostname="DESKTOP-8O9USS3" failures="0" tests="5" name="productextras.MeasurementSets" time="66.295" errors="0" timestamp="2022-12-05T12:48:28 IST" skipped="0">
  <testcase classname="productextras.MeasurementSets" name="clickProd" time="3.097"/>
  <system-out/>
  <testcase classname="productextras.MeasurementSets" name="measure" time="21.038"/>
  <system-out/>
  <testcase classname="productextras.MeasurementSets" name="search" time="0.990"/>
  <system-out/>
  <testcase classname="productextras.MeasurementSets" name="editView" time="16.764"/>
  <system-out/>
  <testcase classname="productextras.MeasurementSets" name="remove" time="24.406"/>
  <system-out/>
</testsuite> <!-- productextras.MeasurementSets -->
