<?xml version="1.0" encoding="UTF-8"?>
<!-- Generated by org.testng.reporters.JUnitReportReporter -->
<testsuite hostname="DESKTOP-8O9USS3" failures="0" tests="7" name="orders.LiveOrders" time="2.534" errors="1" timestamp="2022-12-01T10:43:38 IST" skipped="6">
  <testcase classname="orders.LiveOrders" name="liveOrders" time="0.001">
    <skipped/>
  </testcase> <!-- liveOrders -->
  <system-out/>
  <testcase classname="orders.LiveOrders" name="openBrowser" time="2.533">
    <error message="unknown error: Chrome failed to start: exited normally.
  (unknown error: DevToolsActivePort file doesn&#039;t exist)
  (The process started from chrome location C:\Program Files\Google\Chrome\Application\chrome.exe is no longer running, so ChromeDriver is assuming that Chrome has crashed.)
Build info: version: &#039;3.141.59&#039;, revision: &#039;e82be7d358&#039;, time: &#039;2018-11-14T08:17:03&#039;
System info: host: &#039;DESKTOP-8O9USS3&#039;, ip: &#039;172.16.1.18&#039;, os.name: &#039;Windows 10&#039;, os.arch: &#039;amd64&#039;, os.version: &#039;10.0&#039;, java.version: &#039;17.0.5&#039;
Driver info: driver.version: ChromeDriver
remote stacktrace: Backtrace:
	Ordinal0 [0x01051ED3+2236115]
	Ordinal0 [0x00FE92F1+1807089]
	Ordinal0 [0x00EF66FD+812797]
	Ordinal0 [0x00F158F9+940281]
	Ordinal0 [0x00F119C9+924105]
	Ordinal0 [0x00F4806C+1146988]
	Ordinal0 [0x00F47A6A+1145450]
	Ordinal0 [0x00F418A6+1120422]
	Ordinal0 [0x00F1A73D+960317]
	Ordinal0 [0x00F1B71F+964383]
	GetHandleVerifier [0x012FE7E2+2743074]
	GetHandleVerifier [0x012F08D4+2685972]
	GetHandleVerifier [0x010E2BAA+532202]
	GetHandleVerifier [0x010E1990+527568]
	Ordinal0 [0x00FF080C+1837068]
	Ordinal0 [0x00FF4CD8+1854680]
	Ordinal0 [0x00FF4DC5+1854917]
	Ordinal0 [0x00FFED64+1895780]
	BaseThreadInitThunk [0x75DDFEF9+25]
	RtlGetAppContainerNamedObjectPath [0x76FE7BBE+286]
	RtlGetAppContainerNamedObjectPath [0x76FE7B8E+238]
" type="org.openqa.selenium.WebDriverException">
      <![CDATA[org.openqa.selenium.WebDriverException: unknown error: Chrome failed to start: exited normally.
  (unknown error: DevToolsActivePort file doesn't exist)
  (The process started from chrome location C:\Program Files\Google\Chrome\Application\chrome.exe is no longer running, so ChromeDriver is assuming that Chrome has crashed.)
Build info: version: '3.141.59', revision: 'e82be7d358', time: '2018-11-14T08:17:03'
System info: host: 'DESKTOP-8O9USS3', ip: '172.16.1.18', os.name: 'Windows 10', os.arch: 'amd64', os.version: '10.0', java.version: '17.0.5'
Driver info: driver.version: ChromeDriver
remote stacktrace: Backtrace:
Ordinal0 [0x01051ED3+2236115]
Ordinal0 [0x00FE92F1+1807089]
Ordinal0 [0x00EF66FD+812797]
Ordinal0 [0x00F158F9+940281]
Ordinal0 [0x00F119C9+924105]
Ordinal0 [0x00F4806C+1146988]
Ordinal0 [0x00F47A6A+1145450]
Ordinal0 [0x00F418A6+1120422]
Ordinal0 [0x00F1A73D+960317]
Ordinal0 [0x00F1B71F+964383]
GetHandleVerifier [0x012FE7E2+2743074]
GetHandleVerifier [0x012F08D4+2685972]
GetHandleVerifier [0x010E2BAA+532202]
GetHandleVerifier [0x010E1990+527568]
Ordinal0 [0x00FF080C+1837068]
Ordinal0 [0x00FF4CD8+1854680]
Ordinal0 [0x00FF4DC5+1854917]
Ordinal0 [0x00FFED64+1895780]
BaseThreadInitThunk [0x75DDFEF9+25]
RtlGetAppContainerNamedObjectPath [0x76FE7BBE+286]
RtlGetAppContainerNamedObjectPath [0x76FE7B8E+238]

at java.base/jdk.internal.reflect.NativeConstructorAccessorImpl.newInstance0(Native Method)
at java.base/jdk.internal.reflect.NativeConstructorAccessorImpl.newInstance(NativeConstructorAccessorImpl.java:77)
at java.base/jdk.internal.reflect.DelegatingConstructorAccessorImpl.newInstance(DelegatingConstructorAccessorImpl.java:45)
at java.base/java.lang.reflect.Constructor.newInstanceWithCaller(Constructor.java:499)
at java.base/java.lang.reflect.Constructor.newInstance(Constructor.java:480)
at org.openqa.selenium.remote.W3CHandshakeResponse.lambda$errorHandler$0(W3CHandshakeResponse.java:62)
at org.openqa.selenium.remote.HandshakeResponse.lambda$getResponseFunction$0(HandshakeResponse.java:30)
at org.openqa.selenium.remote.ProtocolHandshake.lambda$createSession$0(ProtocolHandshake.java:126)
at java.base/java.util.stream.ReferencePipeline$3$1.accept(ReferencePipeline.java:197)
at java.base/java.util.Spliterators$ArraySpliterator.tryAdvance(Spliterators.java:1002)
at java.base/java.util.stream.ReferencePipeline.forEachWithCancel(ReferencePipeline.java:129)
at java.base/java.util.stream.AbstractPipeline.copyIntoWithCancel(AbstractPipeline.java:527)
at java.base/java.util.stream.AbstractPipeline.copyInto(AbstractPipeline.java:513)
at java.base/java.util.stream.AbstractPipeline.wrapAndCopyInto(AbstractPipeline.java:499)
at java.base/java.util.stream.FindOps$FindOp.evaluateSequential(FindOps.java:150)
at java.base/java.util.stream.AbstractPipeline.evaluate(AbstractPipeline.java:234)
at java.base/java.util.stream.ReferencePipeline.findFirst(ReferencePipeline.java:647)
at org.openqa.selenium.remote.ProtocolHandshake.createSession(ProtocolHandshake.java:128)
at org.openqa.selenium.remote.ProtocolHandshake.createSession(ProtocolHandshake.java:74)
at org.openqa.selenium.remote.HttpCommandExecutor.execute(HttpCommandExecutor.java:136)
at org.openqa.selenium.remote.service.DriverCommandExecutor.execute(DriverCommandExecutor.java:83)
at org.openqa.selenium.remote.RemoteWebDriver.execute(RemoteWebDriver.java:552)
at org.openqa.selenium.remote.RemoteWebDriver.startSession(RemoteWebDriver.java:213)
at org.openqa.selenium.remote.RemoteWebDriver.<init>(RemoteWebDriver.java:131)
at org.openqa.selenium.chrome.ChromeDriver.<init>(ChromeDriver.java:181)
at org.openqa.selenium.chrome.ChromeDriver.<init>(ChromeDriver.java:168)
at org.openqa.selenium.chrome.ChromeDriver.<init>(ChromeDriver.java:157)
at orders.BaseClass.openBrowser(BaseClass.java:44)
at java.base/jdk.internal.reflect.NativeMethodAccessorImpl.invoke0(Native Method)
at java.base/jdk.internal.reflect.NativeMethodAccessorImpl.invoke(NativeMethodAccessorImpl.java:77)
at java.base/jdk.internal.reflect.DelegatingMethodAccessorImpl.invoke(DelegatingMethodAccessorImpl.java:43)
at java.base/java.lang.reflect.Method.invoke(Method.java:568)
at org.testng.internal.MethodInvocationHelper.invokeMethod(MethodInvocationHelper.java:133)
at org.testng.internal.MethodInvocationHelper.invokeMethodConsideringTimeout(MethodInvocationHelper.java:62)
at org.testng.internal.ConfigInvoker.invokeConfigurationMethod(ConfigInvoker.java:385)
at org.testng.internal.ConfigInvoker.invokeConfigurations(ConfigInvoker.java:321)
at org.testng.SuiteRunner.privateRun(SuiteRunner.java:317)
at org.testng.SuiteRunner.run(SuiteRunner.java:276)
at org.testng.SuiteRunnerWorker.runSuite(SuiteRunnerWorker.java:53)
at org.testng.SuiteRunnerWorker.run(SuiteRunnerWorker.java:96)
at org.testng.TestNG.runSuitesSequentially(TestNG.java:1212)
at org.testng.TestNG.runSuitesLocally(TestNG.java:1134)
at org.testng.TestNG.runSuites(TestNG.java:1063)
at org.testng.TestNG.run(TestNG.java:1031)
at org.testng.remote.AbstractRemoteTestNG.run(AbstractRemoteTestNG.java:115)
at org.testng.remote.RemoteTestNG.initAndRun(RemoteTestNG.java:251)
at org.testng.remote.RemoteTestNG.main(RemoteTestNG.java:77)
]]>
    </error>
  </testcase> <!-- openBrowser -->
  <system-out/>
  <testcase classname="orders.LiveOrders" name="markAsPaid" time="0.000">
    <skipped/>
  </testcase> <!-- markAsPaid -->
  <system-out/>
  <testcase classname="orders.LiveOrders" name="statusConfirmed" time="0.000">
    <skipped/>
  </testcase> <!-- statusConfirmed -->
  <system-out/>
  <testcase classname="orders.LiveOrders" name="courierPartner" time="0.000">
    <skipped/>
  </testcase> <!-- courierPartner -->
  <system-out/>
  <testcase classname="orders.LiveOrders" name="statusDispatched" time="0.000">
    <skipped/>
  </testcase> <!-- statusDispatched -->
  <system-out/>
  <testcase classname="orders.LiveOrders" name="statusDelivered" time="0.000">
    <skipped/>
  </testcase> <!-- statusDelivered -->
  <system-out/>
</testsuite> <!-- orders.LiveOrders -->
