<?xml version="1.0" encoding="UTF-8"?>
<!-- Generated by org.testng.reporters.JUnitReportReporter -->
<testsuite hostname="DESKTOP-8O9USS3" failures="0" tests="8" name="addproduct.AddProduct" time="82.958" errors="0" timestamp="2022-11-30T12:03:42 IST" skipped="3">
  <testcase classname="addproduct.AddProduct" name="login" time="3.957"/>
  <system-out/>
  <testcase classname="addproduct.AddProduct" name="add" time="63.305"/>
  <system-out/>
  <testcase classname="addproduct.AddProduct" name="advancedOptions" time="7.310"/>
  <system-out/>
  <testcase classname="addproduct.AddProduct" name="sizechart" time="7.889"/>
  <system-out/>
  <testcase classname="addproduct.AddProduct" name="submit" time="0.497"/>
  <system-out/>
  <testcase classname="addproduct.AddProduct" name="footnote">
    <skipped/>
  </testcase> <!-- footnote -->
  <system-out/>
  <testcase classname="addproduct.AddProduct" name="variant">
    <skipped/>
  </testcase> <!-- variant -->
  <system-out/>
  <testcase classname="addproduct.AddProduct" name="productExtras">
    <skipped/>
  </testcase> <!-- productExtras -->
  <system-out/>
</testsuite> <!-- addproduct.AddProduct -->
