<?xml version="1.0" encoding="UTF-8"?>
<!-- Generated by org.testng.reporters.JUnitReportReporter -->
<testsuite hostname="DESKTOP-8O9USS3" failures="0" tests="8" name="addproduct.AddProduct" time="77.022" errors="0" timestamp="2022-12-06T11:38:34 IST" skipped="3">
  <testcase classname="addproduct.AddProduct" name="login" time="2.229"/>
  <system-out/>
  <testcase classname="addproduct.AddProduct" name="add" time="64.965"/>
  <system-out/>
  <testcase classname="addproduct.AddProduct" name="advancedOptions" time="3.926"/>
  <system-out/>
  <testcase classname="addproduct.AddProduct" name="sizechart" time="5.739"/>
  <system-out/>
  <testcase classname="addproduct.AddProduct" name="submit" time="0.163"/>
  <system-out/>
  <testcase classname="addproduct.AddProduct" name="footnote">
    <skipped/>
  </testcase> <!-- footnote -->
  <system-out/>
  <testcase classname="addproduct.AddProduct" name="variant">
    <skipped/>
  </testcase> <!-- variant -->
  <system-out/>
  <testcase classname="addproduct.AddProduct" name="productExtras">
    <skipped/>
  </testcase> <!-- productExtras -->
  <system-out/>
</testsuite> <!-- addproduct.AddProduct -->
