<?xml version="1.0" encoding="UTF-8"?>
<!-- Generated by org.testng.reporters.JUnitReportReporter -->
<testsuite hostname="DESKTOP-8O9USS3" failures="0" tests="2" name="catalog.ACatalog" time="296.857" errors="0" timestamp="2022-12-03T10:45:18 IST" skipped="0">
  <testcase classname="catalog.ACatalog" name="addCat" time="40.486"/>
  <system-out/>
  <testcase classname="catalog.ACatalog" name="catalogCompare" time="256.371"/>
  <system-out/>
</testsuite> <!-- catalog.ACatalog -->
