<?xml version="1.0" encoding="UTF-8"?>
<!-- Generated by org.testng.reporters.JUnitReportReporter -->
<testsuite hostname="DESKTOP-8O9USS3" failures="0" tests="1" name="Authentication.GenieSignupPage" time="29.091" errors="0" timestamp="2022-11-30T13:25:01 IST" skipped="0">
  <testcase classname="Authentication.GenieSignupPage" name="signupPage" time="29.091"/>
  <system-out/>
</testsuite> <!-- Authentication.GenieSignupPage -->
