<?xml version="1.0" encoding="UTF-8"?>
<!-- Generated by org.testng.reporters.JUnitReportReporter -->
<testsuite hostname="DESKTOP-8O9USS3" failures="0" tests="1" name="Authentication.Signup" time="33.292" errors="0" timestamp="2022-11-30T13:25:01 IST" skipped="0">
  <testcase classname="Authentication.Signup" name="genieSignup" time="33.292"/>
  <system-out/>
</testsuite> <!-- Authentication.Signup -->
