<?xml version="1.0" encoding="UTF-8"?>
<!-- Generated by org.testng.reporters.JUnitReportReporter -->
<testsuite hostname="DESKTOP-8O9USS3" failures="0" tests="5" name="productextras.MeasurementSets" time="72.506" errors="0" timestamp="2022-12-03T16:12:14 IST" skipped="0">
  <testcase classname="productextras.MeasurementSets" name="clickProd" time="6.160"/>
  <system-out/>
  <testcase classname="productextras.MeasurementSets" name="measure" time="24.187"/>
  <system-out/>
  <testcase classname="productextras.MeasurementSets" name="search" time="1.041"/>
  <system-out/>
  <testcase classname="productextras.MeasurementSets" name="editView" time="16.827"/>
  <system-out/>
  <testcase classname="productextras.MeasurementSets" name="remove" time="24.291"/>
  <system-out/>
</testsuite> <!-- productextras.MeasurementSets -->
