<?xml version="1.0" encoding="UTF-8"?>
<!-- Generated by org.testng.reporters.JUnitReportReporter -->
<testsuite hostname="DESKTOP-8O9USS3" failures="0" tests="1" name="Authendication.Prosignupbutton" time="4.302" errors="0" timestamp="2022-11-30T09:46:32 IST" skipped="0">
  <testcase classname="Authendication.Prosignupbutton" name="proSignup" time="4.302"/>
  <system-out/>
</testsuite> <!-- Authendication.Prosignupbutton -->
