<?xml version="1.0" encoding="UTF-8"?>
<!-- Generated by org.testng.reporters.JUnitReportReporter -->
<testsuite hostname="DESKTOP-8O9USS3" failures="0" tests="5" name="productextras.MeasurementSets" time="67.220" errors="0" timestamp="2022-12-03T14:47:32 IST" skipped="0">
  <testcase classname="productextras.MeasurementSets" name="clickProd" time="3.491"/>
  <system-out/>
  <testcase classname="productextras.MeasurementSets" name="measure" time="21.571"/>
  <system-out/>
  <testcase classname="productextras.MeasurementSets" name="search" time="1.005"/>
  <system-out/>
  <testcase classname="productextras.MeasurementSets" name="editView" time="16.747"/>
  <system-out/>
  <testcase classname="productextras.MeasurementSets" name="remove" time="24.406"/>
  <system-out/>
</testsuite> <!-- productextras.MeasurementSets -->
