<?xml version="1.0" encoding="UTF-8"?>
<!-- Generated by org.testng.reporters.JUnitReportReporter -->
<testsuite hostname="DESKTOP-8O9USS3" failures="0" tests="4" name="catalog.ACatalog" time="91.964" errors="0" timestamp="2022-12-22T16:02:53 IST" skipped="1">
  <testcase classname="catalog.ACatalog" name="addCat" time="38.938"/>
  <system-out/>
  <testcase classname="catalog.ACatalog" name="SearchCatalog" time="4.918"/>
  <system-out/>
  <testcase classname="catalog.ACatalog" name="catalogSearchCompare" time="48.108"/>
  <system-out/>
  <testcase classname="catalog.ACatalog" name="catalogCompare">
    <skipped/>
  </testcase> <!-- catalogCompare -->
  <system-out/>
</testsuite> <!-- catalog.ACatalog -->
