<?xml version="1.0" encoding="UTF-8"?>
<!-- Generated by org.testng.reporters.JUnitReportReporter -->
<testsuite hostname="DESKTOP-8O9USS3" failures="0" tests="1" name="Authendication.BaseClass" time="3.498" errors="0" timestamp="24 Nov 2022 08:39:05 GMT">
  <testcase classname="Authendication.BaseClass" name="signup" time="3.498"/>
</testsuite> <!-- Authendication.BaseClass -->
