<?xml version="1.0" encoding="UTF-8"?>
<!-- Generated by org.testng.reporters.JUnitReportReporter -->
<testsuite hostname="DESKTOP-8O9USS3" failures="0" tests="1" name="catalog.Catlist" time="240.472" errors="0" timestamp="2022-11-30T17:16:29 IST" skipped="0">
  <testcase classname="catalog.Catlist" name="catListInOut" time="240.472"/>
  <system-out/>
</testsuite> <!-- catalog.Catlist -->
