<?xml version="1.0" encoding="UTF-8"?>
<!-- Generated by org.testng.reporters.JUnitReportReporter -->
<testsuite hostname="DESKTOP-8O9USS3" failures="0" tests="4" name="catalog.ACatalog" time="93.324" errors="0" timestamp="2022-12-08T17:09:07 IST" skipped="1">
  <testcase classname="catalog.ACatalog" name="addCat" time="41.332"/>
  <system-out/>
  <testcase classname="catalog.ACatalog" name="SearchCatalog" time="4.484"/>
  <system-out/>
  <testcase classname="catalog.ACatalog" name="catalogSearchCompare" time="47.508"/>
  <system-out/>
  <testcase classname="catalog.ACatalog" name="catalogCompare">
    <skipped/>
  </testcase> <!-- catalogCompare -->
  <system-out/>
</testsuite> <!-- catalog.ACatalog -->
