<?xml version="1.0" encoding="UTF-8"?>
<!-- Generated by org.testng.reporters.JUnitReportReporter -->
<testsuite hostname="DESKTOP-8O9USS3" failures="0" tests="1" name="Authendication.GenieSignupPage" time="0.031" errors="0" timestamp="2022-11-30T09:46:31 IST" skipped="0">
  <testcase classname="Authendication.GenieSignupPage" name="signupPage" time="0.031"/>
  <system-out/>
</testsuite> <!-- Authendication.GenieSignupPage -->
