<?xml version="1.0" encoding="UTF-8"?>
<!-- Generated by org.testng.reporters.JUnitReportReporter -->
<testsuite hostname="DESKTOP-8O9USS3" failures="0" tests="1" name="Authendication.Signup" time="12.014" errors="0" timestamp="2022-11-29T14:52:09 IST" skipped="0">
  <testcase classname="Authendication.Signup" name="genieSignup" time="12.014"/>
  <system-out/>
</testsuite> <!-- Authendication.Signup -->
