<?xml version="1.0" encoding="UTF-8"?>
<!-- Generated by org.testng.reporters.JUnitReportReporter -->
<testsuite hostname="DESKTOP-8O9USS3" failures="0" tests="1" name="Authendication.ProSignup" time="24.624" errors="0" timestamp="2022-11-29T14:10:15 IST" skipped="0">
  <testcase classname="Authendication.ProSignup" name="proSignupPage" time="24.624"/>
  <system-out/>
</testsuite> <!-- Authendication.ProSignup -->
