<?xml version="1.0" encoding="UTF-8"?>
<!-- Generated by org.testng.reporters.JUnitReportReporter -->
<testsuite hostname="DESKTOP-8O9USS3" failures="0" tests="1" name="catalog.Catlist" time="625.405" errors="0" timestamp="2022-12-22T15:55:14 IST" skipped="0">
  <testcase classname="catalog.Catlist" name="catListInOut" time="625.405"/>
  <system-out/>
</testsuite> <!-- catalog.Catlist -->
