<?xml version="1.0" encoding="UTF-8"?>
<!-- Generated by org.testng.reporters.JUnitReportReporter -->
<testsuite hostname="DESKTOP-8O9USS3" failures="0" tests="2" name="catalog.ACatalog" time="294.051" errors="0" timestamp="2022-12-08T12:05:19 IST" skipped="0">
  <testcase classname="catalog.ACatalog" name="addCat" time="40.060"/>
  <system-out/>
  <testcase classname="catalog.ACatalog" name="catalogCompare" time="253.991"/>
  <system-out/>
</testsuite> <!-- catalog.ACatalog -->
