<?xml version="1.0" encoding="UTF-8"?>
<!-- Generated by org.testng.reporters.JUnitReportReporter -->
<testsuite hostname="DESKTOP-8O9USS3" failures="0" tests="7" name="productextras.Addon" time="0.000" errors="0" timestamp="2022-12-07T10:14:38 IST" skipped="7">
  <testcase classname="productextras.Addon" name="clickPro" time="0.000">
    <skipped/>
  </testcase> <!-- clickPro -->
  <system-out/>
  <testcase classname="productextras.Addon" name="addAddOn" time="0.000">
    <skipped/>
  </testcase> <!-- addAddOn -->
  <system-out/>
  <testcase classname="productextras.Addon" name="addOnCompare" time="0.000">
    <skipped/>
  </testcase> <!-- addOnCompare -->
  <system-out/>
  <testcase classname="productextras.Addon" name="remove" time="0.000">
    <skipped/>
  </testcase> <!-- remove -->
  <system-out/>
  <testcase classname="productextras.Addon" name="buttonSettings" time="0.000">
    <skipped/>
  </testcase> <!-- buttonSettings -->
  <system-out/>
  <testcase classname="productextras.Addon" name="edit">
    <skipped/>
  </testcase> <!-- edit -->
  <system-out/>
  <testcase classname="productextras.Addon" name="search">
    <skipped/>
  </testcase> <!-- search -->
  <system-out/>
</testsuite> <!-- productextras.Addon -->
