<?xml version="1.0" encoding="UTF-8"?>
<!-- Generated by org.testng.reporters.JUnitReportReporter -->
<testsuite hostname="DESKTOP-8O9USS3" failures="0" tests="3" name="orders.CancelledOrders" time="0.000" errors="0" timestamp="2022-12-01T10:43:38 IST" skipped="3">
  <testcase classname="orders.CancelledOrders" name="liveorders" time="0.000">
    <skipped/>
  </testcase> <!-- liveorders -->
  <system-out/>
  <testcase classname="orders.CancelledOrders" name="cancelOrder" time="0.000">
    <skipped/>
  </testcase> <!-- cancelOrder -->
  <system-out/>
  <testcase classname="orders.CancelledOrders" name="cancelledOrder" time="0.000">
    <skipped/>
  </testcase> <!-- cancelledOrder -->
  <system-out/>
</testsuite> <!-- orders.CancelledOrders -->
