<?xml version="1.0" encoding="UTF-8"?>
<!-- Generated by org.testng.reporters.JUnitReportReporter -->
<testsuite hostname="DESKTOP-8O9USS3" failures="0" tests="2" name="catalog.ACatalog" time="628.285" errors="0" timestamp="2022-11-30T16:53:03 IST" skipped="0">
  <testcase classname="catalog.ACatalog" name="addCat" time="40.079"/>
  <system-out/>
  <testcase classname="catalog.ACatalog" name="catalogCompare" time="588.206"/>
  <system-out/>
</testsuite> <!-- catalog.ACatalog -->
