<?xml version="1.0" encoding="UTF-8"?>
<!-- Generated by org.testng.reporters.JUnitReportReporter -->
<testsuite hostname="DESKTOP-8O9USS3" failures="0" tests="7" name="productextras.Addon" time="42.250" errors="0" timestamp="2022-12-03T16:12:14 IST" skipped="1">
  <testcase classname="productextras.Addon" name="clickPro" time="0.605"/>
  <system-out/>
  <testcase classname="productextras.Addon" name="addAddOn" time="12.210"/>
  <system-out/>
  <testcase classname="productextras.Addon" name="search" time="4.839"/>
  <system-out/>
  <testcase classname="productextras.Addon" name="addOnCompare" time="20.854"/>
  <system-out/>
  <testcase classname="productextras.Addon" name="remove" time="0.211"/>
  <system-out/>
  <testcase classname="productextras.Addon" name="buttonSettings" time="3.531"/>
  <system-out/>
  <testcase classname="productextras.Addon" name="edit">
    <skipped/>
  </testcase> <!-- edit -->
  <system-out/>
</testsuite> <!-- productextras.Addon -->
