<?xml version="1.0" encoding="UTF-8"?>
<!-- Generated by org.testng.reporters.JUnitReportReporter -->
<testsuite hostname="DESKTOP-8O9USS3" failures="0" tests="5" name="Authendication.Signup" time="5.853" errors="0" timestamp="2022-11-28T17:03:16 IST" skipped="4">
  <testcase classname="Authendication.Signup" name="proSignup" time="5.853"/>
  <system-out/>
  <testcase classname="Authendication.Signup" name="multiVendorSignup">
    <skipped/>
  </testcase> <!-- multiVendorSignup -->
  <system-out/>
  <testcase classname="Authendication.Signup" name="serviceSignup">
    <skipped/>
  </testcase> <!-- serviceSignup -->
  <system-out/>
  <testcase classname="Authendication.Signup" name="b2bSignup">
    <skipped/>
  </testcase> <!-- b2bSignup -->
  <system-out/>
  <testcase classname="Authendication.Signup" name="genieSignup">
    <skipped/>
  </testcase> <!-- genieSignup -->
  <system-out/>
</testsuite> <!-- Authendication.Signup -->
