<?xml version="1.0" encoding="UTF-8"?>
<!-- Generated by org.testng.reporters.JUnitReportReporter -->
<testsuite hostname="DESKTOP-8O9USS3" failures="0" tests="8" name="addproduct.AddProduct" time="80.510" errors="0" timestamp="2022-12-08T13:38:01 IST" skipped="3">
  <testcase classname="addproduct.AddProduct" name="add" time="62.164"/>
  <system-out/>
  <testcase classname="addproduct.AddProduct" name="advancedOptions" time="3.805"/>
  <system-out/>
  <testcase classname="addproduct.AddProduct" name="sizechart" time="5.233"/>
  <system-out/>
  <testcase classname="addproduct.AddProduct" name="submit" time="0.403"/>
  <system-out/>
  <testcase classname="addproduct.AddProduct" name="search" time="8.905"/>
  <system-out/>
  <testcase classname="addproduct.AddProduct" name="footnote">
    <skipped/>
  </testcase> <!-- footnote -->
  <system-out/>
  <testcase classname="addproduct.AddProduct" name="variant">
    <skipped/>
  </testcase> <!-- variant -->
  <system-out/>
  <testcase classname="addproduct.AddProduct" name="productExtras">
    <skipped/>
  </testcase> <!-- productExtras -->
  <system-out/>
</testsuite> <!-- addproduct.AddProduct -->
