<?xml version="1.0" encoding="UTF-8"?>
<!-- Generated by org.testng.reporters.JUnitReportReporter -->
<testsuite hostname="DESKTOP-8O9USS3" failures="0" tests="5" name="productextras.MeasurementSets" time="69.733" errors="0" timestamp="2022-12-08T14:26:56 IST" skipped="0">
  <testcase classname="productextras.MeasurementSets" name="clickProd" time="4.847"/>
  <system-out/>
  <testcase classname="productextras.MeasurementSets" name="measure" time="21.413"/>
  <system-out/>
  <testcase classname="productextras.MeasurementSets" name="search" time="1.332"/>
  <system-out/>
  <testcase classname="productextras.MeasurementSets" name="editView" time="17.150"/>
  <system-out/>
  <testcase classname="productextras.MeasurementSets" name="remove" time="24.991"/>
  <system-out/>
</testsuite> <!-- productextras.MeasurementSets -->
