<?xml version="1.0" encoding="UTF-8"?>
<!-- Generated by org.testng.reporters.JUnitReportReporter -->
<testsuite hostname="DESKTOP-8O9USS3" failures="0" tests="1" name="catalog.SearchCatalog" time="7.557" errors="0" timestamp="2022-12-03T10:45:18 IST" skipped="0">
  <testcase classname="catalog.SearchCatalog" name="search" time="7.557"/>
  <system-out/>
</testsuite> <!-- catalog.SearchCatalog -->
