<?xml version="1.0" encoding="UTF-8"?>
<!-- Generated by org.testng.reporters.JUnitReportReporter -->
<testsuite hostname="DESKTOP-8O9USS3" failures="0" tests="5" name="productextras.productTags" time="46.343" errors="0" timestamp="2022-12-08T17:41:47 IST" skipped="0">
  <testcase classname="productextras.productTags" name="clickPro" time="5.076"/>
  <system-out/>
  <testcase classname="productextras.productTags" name="addProdTags" time="0.841"/>
  <system-out/>
  <testcase classname="productextras.productTags" name="search" time="4.180"/>
  <system-out/>
  <testcase classname="productextras.productTags" name="tagCompare" time="36.030"/>
  <system-out/>
  <testcase classname="productextras.productTags" name="remove" time="0.216"/>
  <system-out/>
</testsuite> <!-- productextras.productTags -->
