<?xml version="1.0" encoding="UTF-8"?>
<!-- Generated by org.testng.reporters.JUnitReportReporter -->
<testsuite hostname="DESKTOP-8O9USS3" failures="0" tests="7" name="productextras.Addon" time="51.510" errors="0" timestamp="2022-12-22T13:08:50 IST" skipped="1">
  <testcase classname="productextras.Addon" name="clickPro" time="4.075"/>
  <system-out/>
  <testcase classname="productextras.Addon" name="addAddOn" time="13.879"/>
  <system-out/>
  <testcase classname="productextras.Addon" name="search" time="5.362"/>
  <system-out/>
  <testcase classname="productextras.Addon" name="addOnCompare" time="23.957"/>
  <system-out/>
  <testcase classname="productextras.Addon" name="remove" time="0.326"/>
  <system-out/>
  <testcase classname="productextras.Addon" name="buttonSettings" time="3.911"/>
  <system-out/>
  <testcase classname="productextras.Addon" name="edit">
    <skipped/>
  </testcase> <!-- edit -->
  <system-out/>
</testsuite> <!-- productextras.Addon -->
